<?xml version="1.0" encoding="UTF-8"?>
<testsuite xmlns:xsi="http://www.w3.org/2001/XMLSchema-instance" xsi:schemaLocation="https://maven.apache.org/surefire/maven-surefire-plugin/xsd/surefire-test-report.xsd" name="com.sg.classroster.service.ClassRosterServiceLayerImplTest" time="0.611" tests="6" errors="6" skipped="0" failures="0">
  <properties>
[...]
</properties>
  <testcase name="testCreateDuplicateIdStudent" classname="com.sg.classroster.service.ClassRosterServiceLayerImplTest" time="0.007">
    <error message="Cannot find class [com.sg.classroster.dao.ClassRosterDaoStubImpl] for bean with name &apos;classRosterDaoStub&apos; defined in class path resource [applicationContext.xml]; nested exception is java.lang.ClassNotFoundException: com.sg.classroster.dao.ClassRosterDaoStubImpl" type="org.springframework.beans.factory.CannotLoadBeanClassException"><![CDATA[org.springframework.beans.factory.CannotLoadBeanClassException: Cannot find class [com.sg.classroster.dao.ClassRosterDaoStubImpl] for bean with name 'classRosterDaoStub' defined in class path resource [applicationContext.xml]; nested exception is java.lang.ClassNotFoundException: com.sg.classroster.dao.ClassRosterDaoStubImpl
	at com.sg.classroster.service.ClassRosterServiceLayerImplTest.<init>(ClassRosterServiceLayerImplTest.java:32)
Caused by: java.lang.ClassNotFoundException: com.sg.classroster.dao.ClassRosterDaoStubImpl
	at com.sg.classroster.service.ClassRosterServiceLayerImplTest.<init>(ClassRosterServiceLayerImplTest.java:32)
]]></error>
    <system-err><![CDATA[Jun 08, 2023 8:20:46 AM org.springframework.context.support.ClassPathXmlApplicationContext prepareRefresh
INFO: Refreshing org.springframework.context.support.ClassPathXmlApplicationContext@2362f559: startup date [Thu Jun 08 08:20:46 PDT 2023]; root of context hierarchy
Jun 08, 2023 8:20:46 AM org.springframework.beans.factory.xml.XmlBeanDefinitionReader loadBeanDefinitions
INFO: Loading XML bean definitions from class path resource [applicationContext.xml]
Jun 08, 2023 8:20:46 AM org.springframework.context.support.ClassPathXmlApplicationContext refresh
WARNING: Exception encountered during context initialization - cancelling refresh attempt: org.springframework.beans.factory.CannotLoadBeanClassException: Cannot find class [com.sg.classroster.dao.ClassRosterDaoStubImpl] for bean with name 'classRosterDaoStub' defined in class path resource [applicationContext.xml]; nested exception is java.lang.ClassNotFoundException: com.sg.classroster.dao.ClassRosterDaoStubImpl
]]></system-err>
  </testcase>
  <testcase name="testGetStudent" classname="com.sg.classroster.service.ClassRosterServiceLayerImplTest" time="0">
    <error message="Cannot find class [com.sg.classroster.dao.ClassRosterDaoStubImpl] for bean with name &apos;classRosterDaoStub&apos; defined in class path resource [applicationContext.xml]; nested exception is java.lang.ClassNotFoundException: com.sg.classroster.dao.ClassRosterDaoStubImpl" type="org.springframework.beans.factory.CannotLoadBeanClassException"><![CDATA[org.springframework.beans.factory.CannotLoadBeanClassException: Cannot find class [com.sg.classroster.dao.ClassRosterDaoStubImpl] for bean with name 'classRosterDaoStub' defined in class path resource [applicationContext.xml]; nested exception is java.lang.ClassNotFoundException: com.sg.classroster.dao.ClassRosterDaoStubImpl
	at com.sg.classroster.service.ClassRosterServiceLayerImplTest.<init>(ClassRosterServiceLayerImplTest.java:32)
Caused by: java.lang.ClassNotFoundException: com.sg.classroster.dao.ClassRosterDaoStubImpl
	at com.sg.classroster.service.ClassRosterServiceLayerImplTest.<init>(ClassRosterServiceLayerImplTest.java:32)
]]></error>
    <system-err><![CDATA[Jun 08, 2023 8:20:46 AM org.springframework.context.support.ClassPathXmlApplicationContext prepareRefresh
INFO: Refreshing org.springframework.context.support.ClassPathXmlApplicationContext@78641d23: startup date [Thu Jun 08 08:20:46 PDT 2023]; root of context hierarchy
Jun 08, 2023 8:20:46 AM org.springframework.beans.factory.xml.XmlBeanDefinitionReader loadBeanDefinitions
INFO: Loading XML bean definitions from class path resource [applicationContext.xml]
Jun 08, 2023 8:20:46 AM org.springframework.context.support.ClassPathXmlApplicationContext refresh
WARNING: Exception encountered during context initialization - cancelling refresh attempt: org.springframework.beans.factory.CannotLoadBeanClassException: Cannot find class [com.sg.classroster.dao.ClassRosterDaoStubImpl] for bean with name 'classRosterDaoStub' defined in class path resource [applicationContext.xml]; nested exception is java.lang.ClassNotFoundException: com.sg.classroster.dao.ClassRosterDaoStubImpl
]]></system-err>
  </testcase>
  <testcase name="testGetAllStudents" classname="com.sg.classroster.service.ClassRosterServiceLayerImplTest" time="0">
    <error message="Cannot find class [com.sg.classroster.dao.ClassRosterDaoStubImpl] for bean with name &apos;classRosterDaoStub&apos; defined in class path resource [applicationContext.xml]; nested exception is java.lang.ClassNotFoundException: com.sg.classroster.dao.ClassRosterDaoStubImpl" type="org.springframework.beans.factory.CannotLoadBeanClassException"><![CDATA[org.springframework.beans.factory.CannotLoadBeanClassException: Cannot find class [com.sg.classroster.dao.ClassRosterDaoStubImpl] for bean with name 'classRosterDaoStub' defined in class path resource [applicationContext.xml]; nested exception is java.lang.ClassNotFoundException: com.sg.classroster.dao.ClassRosterDaoStubImpl
	at com.sg.classroster.service.ClassRosterServiceLayerImplTest.<init>(ClassRosterServiceLayerImplTest.java:32)
Caused by: java.lang.ClassNotFoundException: com.sg.classroster.dao.ClassRosterDaoStubImpl
	at com.sg.classroster.service.ClassRosterServiceLayerImplTest.<init>(ClassRosterServiceLayerImplTest.java:32)
]]></error>
    <system-err><![CDATA[Jun 08, 2023 8:20:46 AM org.springframework.context.support.ClassPathXmlApplicationContext prepareRefresh
INFO: Refreshing org.springframework.context.support.ClassPathXmlApplicationContext@632ceb35: startup date [Thu Jun 08 08:20:46 PDT 2023]; root of context hierarchy
Jun 08, 2023 8:20:46 AM org.springframework.beans.factory.xml.XmlBeanDefinitionReader loadBeanDefinitions
INFO: Loading XML bean definitions from class path resource [applicationContext.xml]
Jun 08, 2023 8:20:46 AM org.springframework.context.support.ClassPathXmlApplicationContext refresh
WARNING: Exception encountered during context initialization - cancelling refresh attempt: org.springframework.beans.factory.CannotLoadBeanClassException: Cannot find class [com.sg.classroster.dao.ClassRosterDaoStubImpl] for bean with name 'classRosterDaoStub' defined in class path resource [applicationContext.xml]; nested exception is java.lang.ClassNotFoundException: com.sg.classroster.dao.ClassRosterDaoStubImpl
]]></system-err>
  </testcase>
  <testcase name="testCreateStudentInvalidData" classname="com.sg.classroster.service.ClassRosterServiceLayerImplTest" time="0">
    <error message="Cannot find class [com.sg.classroster.dao.ClassRosterDaoStubImpl] for bean with name &apos;classRosterDaoStub&apos; defined in class path resource [applicationContext.xml]; nested exception is java.lang.ClassNotFoundException: com.sg.classroster.dao.ClassRosterDaoStubImpl" type="org.springframework.beans.factory.CannotLoadBeanClassException"><![CDATA[org.springframework.beans.factory.CannotLoadBeanClassException: Cannot find class [com.sg.classroster.dao.ClassRosterDaoStubImpl] for bean with name 'classRosterDaoStub' defined in class path resource [applicationContext.xml]; nested exception is java.lang.ClassNotFoundException: com.sg.classroster.dao.ClassRosterDaoStubImpl
	at com.sg.classroster.service.ClassRosterServiceLayerImplTest.<init>(ClassRosterServiceLayerImplTest.java:32)
Caused by: java.lang.ClassNotFoundException: com.sg.classroster.dao.ClassRosterDaoStubImpl
	at com.sg.classroster.service.ClassRosterServiceLayerImplTest.<init>(ClassRosterServiceLayerImplTest.java:32)
]]></error>
    <system-err><![CDATA[Jun 08, 2023 8:20:46 AM org.springframework.context.support.ClassPathXmlApplicationContext prepareRefresh
INFO: Refreshing org.springframework.context.support.ClassPathXmlApplicationContext@7a1a14a4: startup date [Thu Jun 08 08:20:46 PDT 2023]; root of context hierarchy
Jun 08, 2023 8:20:46 AM org.springframework.beans.factory.xml.XmlBeanDefinitionReader loadBeanDefinitions
INFO: Loading XML bean definitions from class path resource [applicationContext.xml]
Jun 08, 2023 8:20:46 AM org.springframework.context.support.ClassPathXmlApplicationContext refresh
WARNING: Exception encountered during context initialization - cancelling refresh attempt: org.springframework.beans.factory.CannotLoadBeanClassException: Cannot find class [com.sg.classroster.dao.ClassRosterDaoStubImpl] for bean with name 'classRosterDaoStub' defined in class path resource [applicationContext.xml]; nested exception is java.lang.ClassNotFoundException: com.sg.classroster.dao.ClassRosterDaoStubImpl
]]></system-err>
  </testcase>
  <testcase name="testRemoveStudent" classname="com.sg.classroster.service.ClassRosterServiceLayerImplTest" time="0">
    <error message="Cannot find class [com.sg.classroster.dao.ClassRosterDaoStubImpl] for bean with name &apos;classRosterDaoStub&apos; defined in class path resource [applicationContext.xml]; nested exception is java.lang.ClassNotFoundException: com.sg.classroster.dao.ClassRosterDaoStubImpl" type="org.springframework.beans.factory.CannotLoadBeanClassException"><![CDATA[org.springframework.beans.factory.CannotLoadBeanClassException: Cannot find class [com.sg.classroster.dao.ClassRosterDaoStubImpl] for bean with name 'classRosterDaoStub' defined in class path resource [applicationContext.xml]; nested exception is java.lang.ClassNotFoundException: com.sg.classroster.dao.ClassRosterDaoStubImpl
	at com.sg.classroster.service.ClassRosterServiceLayerImplTest.<init>(ClassRosterServiceLayerImplTest.java:32)
Caused by: java.lang.ClassNotFoundException: com.sg.classroster.dao.ClassRosterDaoStubImpl
	at com.sg.classroster.service.ClassRosterServiceLayerImplTest.<init>(ClassRosterServiceLayerImplTest.java:32)
]]></error>
    <system-err><![CDATA[Jun 08, 2023 8:20:46 AM org.springframework.context.support.ClassPathXmlApplicationContext prepareRefresh
INFO: Refreshing org.springframework.context.support.ClassPathXmlApplicationContext@5bf0fe62: startup date [Thu Jun 08 08:20:46 PDT 2023]; root of context hierarchy
Jun 08, 2023 8:20:46 AM org.springframework.beans.factory.xml.XmlBeanDefinitionReader loadBeanDefinitions
INFO: Loading XML bean definitions from class path resource [applicationContext.xml]
Jun 08, 2023 8:20:47 AM org.springframework.context.support.ClassPathXmlApplicationContext refresh
WARNING: Exception encountered during context initialization - cancelling refresh attempt: org.springframework.beans.factory.CannotLoadBeanClassException: Cannot find class [com.sg.classroster.dao.ClassRosterDaoStubImpl] for bean with name 'classRosterDaoStub' defined in class path resource [applicationContext.xml]; nested exception is java.lang.ClassNotFoundException: com.sg.classroster.dao.ClassRosterDaoStubImpl
]]></system-err>
  </testcase>
  <testcase name="testCreateValidStudent" classname="com.sg.classroster.service.ClassRosterServiceLayerImplTest" time="0.001">
    <error message="Cannot find class [com.sg.classroster.dao.ClassRosterDaoStubImpl] for bean with name &apos;classRosterDaoStub&apos; defined in class path resource [applicationContext.xml]; nested exception is java.lang.ClassNotFoundException: com.sg.classroster.dao.ClassRosterDaoStubImpl" type="org.springframework.beans.factory.CannotLoadBeanClassException"><![CDATA[org.springframework.beans.factory.CannotLoadBeanClassException: Cannot find class [com.sg.classroster.dao.ClassRosterDaoStubImpl] for bean with name 'classRosterDaoStub' defined in class path resource [applicationContext.xml]; nested exception is java.lang.ClassNotFoundException: com.sg.classroster.dao.ClassRosterDaoStubImpl
	at com.sg.classroster.service.ClassRosterServiceLayerImplTest.<init>(ClassRosterServiceLayerImplTest.java:32)
Caused by: java.lang.ClassNotFoundException: com.sg.classroster.dao.ClassRosterDaoStubImpl
	at com.sg.classroster.service.ClassRosterServiceLayerImplTest.<init>(ClassRosterServiceLayerImplTest.java:32)
]]></error>
    <system-err><![CDATA[Jun 08, 2023 8:20:47 AM org.springframework.context.support.ClassPathXmlApplicationContext prepareRefresh
INFO: Refreshing org.springframework.context.support.ClassPathXmlApplicationContext@2c07545f: startup date [Thu Jun 08 08:20:47 PDT 2023]; root of context hierarchy
Jun 08, 2023 8:20:47 AM org.springframework.beans.factory.xml.XmlBeanDefinitionReader loadBeanDefinitions
INFO: Loading XML bean definitions from class path resource [applicationContext.xml]
Jun 08, 2023 8:20:47 AM org.springframework.context.support.ClassPathXmlApplicationContext refresh
WARNING: Exception encountered during context initialization - cancelling refresh attempt: org.springframework.beans.factory.CannotLoadBeanClassException: Cannot find class [com.sg.classroster.dao.ClassRosterDaoStubImpl] for bean with name 'classRosterDaoStub' defined in class path resource [applicationContext.xml]; nested exception is java.lang.ClassNotFoundException: com.sg.classroster.dao.ClassRosterDaoStubImpl
]]></system-err>
  </testcase>
</testsuite>