<?xml version="1.0" encoding="UTF-8"?>
<testsuite xmlns:xsi="http://www.w3.org/2001/XMLSchema-instance" xsi:noNamespaceSchemaLocation="https://maven.apache.org/surefire/maven-surefire-plugin/xsd/surefire-test-report-3.0.xsd" version="3.0" name="com.sg.classroster.dao.ClassRosterDaoFileImplTest" time="0.072" tests="3" errors="0" skipped="0" failures="0">
  <properties>
[...]
</properties>
  <testcase name="testAddGetStudent" classname="com.sg.classroster.dao.ClassRosterDaoFileImplTest" time="0.044"/>
  <testcase name="testRemoveStudent" classname="com.sg.classroster.dao.ClassRosterDaoFileImplTest" time="0.007"/>
  <testcase name="testAddGetAllStudents" classname="com.sg.classroster.dao.ClassRosterDaoFileImplTest" time="0.004"/>
</testsuite>